#
# There is insufficient memory for the Java Runtime Environment to continue.
# Native memory allocation (malloc) failed to allocate 1051808 bytes for Chunk::new
# Possible reasons:
#   The system is out of physical RAM or swap space
#   The process is running with CompressedOops enabled, and the Java Heap may be blocking the growth of the native heap
# Possible solutions:
#   Reduce memory load on the system
#   Increase physical memory or swap space
#   Check if swap backing store is full
#   Decrease Java heap size (-Xmx/-Xms)
#   Decrease number of Java threads
#   Decrease Java thread stack sizes (-Xss)
#   Set larger code cache with -XX:ReservedCodeCacheSize=
#   JVM is running with Unscaled Compressed Oops mode in which the Java heap is
#     placed in the first 4GB address space. The Java Heap base address is the
#     maximum limit for the native heap growth. Please use -XX:HeapBaseMinAddress
#     to set the Java Heap base and to place the Java Heap above 4GB virtual address.
# This output file may be truncated or incomplete.
#
#  Out of Memory Error (allocation.cpp:389), pid=9480, tid=0x0000000000000b60
#
# JRE version: Java(TM) SE Runtime Environment (8.0_271-b09) (build 1.8.0_271-b09)
# Java VM: Java HotSpot(TM) 64-Bit Server VM (25.271-b09 mixed mode windows-amd64 compressed oops)
# Failed to write core dump. Minidumps are not enabled by default on client versions of Windows
#

---------------  T H R E A D  ---------------

Current thread (0x000001e129b28000):  JavaThread "C2 CompilerThread0" daemon [_thread_in_native, id=2912, stack(0x000000336d200000,0x000000336d300000)]

Stack: [0x000000336d200000,0x000000336d300000]
Native frames: (J=compiled Java code, j=interpreted, Vv=VM code, C=native code)
V  [jvm.dll+0x33f6c9]
V  [jvm.dll+0x286122]
V  [jvm.dll+0x286dcd]
V  [jvm.dll+0x27d805]
V  [jvm.dll+0xe574c]
V  [jvm.dll+0xe5f4c]
V  [jvm.dll+0x480095]
V  [jvm.dll+0x447c30]
V  [jvm.dll+0x450c25]
V  [jvm.dll+0x44ffe5]
V  [jvm.dll+0x43aef7]
V  [jvm.dll+0xbc3eb]
V  [jvm.dll+0xbaa4b]
V  [jvm.dll+0x24e7c2]
V  [jvm.dll+0x2a2dcc]
C  [ucrtbase.dll+0x21bb2]
C  [KERNEL32.DLL+0x17034]
C  [ntdll.dll+0x52651]


Current CompileTask:
C2:   7214 3434       4       org.springframework.core.annotation.TypeMappedAnnotations::get (8 bytes)


---------------  P R O C E S S  ---------------

Java Threads: ( => current thread )
  0x000001e12d77b800 JavaThread "mysql-cj-abandoned-connection-cleanup" daemon [_thread_blocked, id=16952, stack(0x000000336d800000,0x000000336d900000)]
  0x000001e129b41800 JavaThread "Service Thread" daemon [_thread_blocked, id=17192, stack(0x000000336d600000,0x000000336d700000)]
  0x000001e129b40000 JavaThread "C1 CompilerThread3" daemon [_thread_blocked, id=11480, stack(0x000000336d500000,0x000000336d600000)]
  0x000001e129b35800 JavaThread "C2 CompilerThread2" daemon [_thread_in_native, id=5892, stack(0x000000336d400000,0x000000336d500000)]
  0x000001e129b29000 JavaThread "C2 CompilerThread1" daemon [_thread_in_native, id=17032, stack(0x000000336d300000,0x000000336d400000)]
=>0x000001e129b28000 JavaThread "C2 CompilerThread0" daemon [_thread_in_native, id=2912, stack(0x000000336d200000,0x000000336d300000)]
  0x000001e129b70000 JavaThread "Monitor Ctrl-Break" daemon [_thread_in_native, id=5260, stack(0x000000336d100000,0x000000336d200000)]
  0x000001e1279ac800 JavaThread "Attach Listener" daemon [_thread_blocked, id=13004, stack(0x000000336d000000,0x000000336d100000)]
  0x000001e1279ab800 JavaThread "Signal Dispatcher" daemon [_thread_blocked, id=17948, stack(0x000000336cf00000,0x000000336d000000)]
  0x000001e127985000 JavaThread "Finalizer" daemon [_thread_blocked, id=10784, stack(0x000000336ce00000,0x000000336cf00000)]
  0x000001e12797d800 JavaThread "Reference Handler" daemon [_thread_blocked, id=6124, stack(0x000000336cd00000,0x000000336ce00000)]
  0x000001e111838800 JavaThread "main" [_thread_in_Java, id=15660, stack(0x000000336c300000,0x000000336c400000)]

Other Threads:
  0x000001e127957800 VMThread [stack: 0x000000336cc00000,0x000000336cd00000] [id=10600]
  0x000001e129cd8000 WatcherThread [stack: 0x000000336d700000,0x000000336d800000] [id=3308]

VM state:not at safepoint (normal execution)

VM Mutex/Monitor currently owned by a thread: None

heap address: 0x0000000081e00000, size: 2018 MB, Compressed Oops mode: 32-bit
Narrow klass base: 0x0000000000000000, Narrow klass shift: 3
Compressed class space size: 1073741824 Address: 0x0000000100000000

Heap:
 PSYoungGen      total 140800K, used 7095K [0x00000000d5f80000, 0x00000000e0e80000, 0x0000000100000000)
  eden space 131072K, 5% used [0x00000000d5f80000,0x00000000d666dc28,0x00000000ddf80000)
  from space 9728K, 0% used [0x00000000e0500000,0x00000000e0500000,0x00000000e0e80000)
  to   space 8704K, 0% used [0x00000000ddf80000,0x00000000ddf80000,0x00000000de800000)
 ParOldGen       total 57344K, used 13709K [0x0000000081e00000, 0x0000000085600000, 0x00000000d5f80000)
  object space 57344K, 23% used [0x0000000081e00000,0x0000000082b63578,0x0000000085600000)
 Metaspace       used 33880K, capacity 35956K, committed 36056K, reserved 1081344K
  class space    used 4441K, capacity 4822K, committed 4864K, reserved 1048576K

Card table byte_map: [0x000001e122530000,0x000001e122930000] byte_map_base: 0x000001e122121000

Marking Bits: (ParMarkBitMap*) 0x0000000056087fe0
 Begin Bits: [0x000001e122be0000, 0x000001e124b68000)
 End Bits:   [0x000001e124b68000, 0x000001e126af0000)

Polling page: 0x000001e113140000

CodeCache: size=245760Kb used=12420Kb max_used=12420Kb free=233339Kb
 bounds [0x000001e113170000, 0x000001e113da0000, 0x000001e122170000]
 total_blobs=3800 nmethods=3394 adapters=318
 compilation: enabled

Compilation events (10 events):
Event: 6.922 Thread 0x000001e129b40000 3446       3       sun.nio.cs.UTF_8$Encoder::<init> (6 bytes)
Event: 6.922 Thread 0x000001e129b40000 nmethod 3446 0x000001e113d7f690 code [0x000001e113d7f840, 0x000001e113d7fb50]
Event: 6.957 Thread 0x000001e129b40000 3449       1       java.net.URLClassLoader::access$200 (5 bytes)
Event: 6.957 Thread 0x000001e129b40000 nmethod 3449 0x000001e113d96210 code [0x000001e113d96360, 0x000001e113d96458]
Event: 7.096 Thread 0x000001e129b40000 3451       3       java.util.zip.ZStreamRef::clear (6 bytes)
Event: 7.096 Thread 0x000001e129b40000 nmethod 3451 0x000001e113d964d0 code [0x000001e113d96620, 0x000001e113d96798]
Event: 7.096 Thread 0x000001e129b40000 3452   !   3       java.util.zip.Inflater::end (50 bytes)
Event: 7.096 Thread 0x000001e129b40000 nmethod 3452 0x000001e113d96810 code [0x000001e113d969a0, 0x000001e113d96e30]
Event: 7.135 Thread 0x000001e129b40000 3453       1       java.util.Formatter::access$000 (5 bytes)
Event: 7.135 Thread 0x000001e129b40000 nmethod 3453 0x000001e113d97050 code [0x000001e113d971a0, 0x000001e113d97298]

GC Heap History (10 events):
Event: 3.895 GC heap before
{Heap before GC invocations=6 (full 1):
 PSYoungGen      total 71680K, used 5103K [0x00000000d5f80000, 0x00000000df380000, 0x0000000100000000)
  eden space 66560K, 0% used [0x00000000d5f80000,0x00000000d5f80000,0x00000000da080000)
  from space 5120K, 99% used [0x00000000da080000,0x00000000da57bc28,0x00000000da580000)
  to   space 9216K, 0% used [0x00000000dea80000,0x00000000dea80000,0x00000000df380000)
 ParOldGen       total 87552K, used 6040K [0x0000000081e00000, 0x0000000087380000, 0x00000000d5f80000)
  object space 87552K, 6% used [0x0000000081e00000,0x00000000823e6148,0x0000000087380000)
 Metaspace       used 20307K, capacity 21176K, committed 21248K, reserved 1067008K
  class space    used 2532K, capacity 2744K, committed 2816K, reserved 1048576K
Event: 3.939 GC heap after
Heap after GC invocations=6 (full 1):
 PSYoungGen      total 71680K, used 0K [0x00000000d5f80000, 0x00000000df380000, 0x0000000100000000)
  eden space 66560K, 0% used [0x00000000d5f80000,0x00000000d5f80000,0x00000000da080000)
  from space 5120K, 0% used [0x00000000da080000,0x00000000da080000,0x00000000da580000)
  to   space 9216K, 0% used [0x00000000dea80000,0x00000000dea80000,0x00000000df380000)
 ParOldGen       total 57344K, used 6769K [0x0000000081e00000, 0x0000000085600000, 0x00000000d5f80000)
  object space 57344K, 11% used [0x0000000081e00000,0x000000008249c4d8,0x0000000085600000)
 Metaspace       used 20307K, capacity 21176K, committed 21248K, reserved 1067008K
  class space    used 2532K, capacity 2744K, committed 2816K, reserved 1048576K
}
Event: 4.825 GC heap before
{Heap before GC invocations=7 (full 1):
 PSYoungGen      total 71680K, used 66560K [0x00000000d5f80000, 0x00000000df380000, 0x0000000100000000)
  eden space 66560K, 100% used [0x00000000d5f80000,0x00000000da080000,0x00000000da080000)
  from space 5120K, 0% used [0x00000000da080000,0x00000000da080000,0x00000000da580000)
  to   space 9216K, 0% used [0x00000000dea80000,0x00000000dea80000,0x00000000df380000)
 ParOldGen       total 57344K, used 6769K [0x0000000081e00000, 0x0000000085600000, 0x00000000d5f80000)
  object space 57344K, 11% used [0x0000000081e00000,0x000000008249c4d8,0x0000000085600000)
 Metaspace       used 23758K, capacity 25072K, committed 25344K, reserved 1071104K
  class space    used 3021K, capacity 3292K, committed 3328K, reserved 1048576K
Event: 4.832 GC heap after
Heap after GC invocations=7 (full 1):
 PSYoungGen      total 110080K, used 5813K [0x00000000d5f80000, 0x00000000df080000, 0x0000000100000000)
  eden space 103936K, 0% used [0x00000000d5f80000,0x00000000d5f80000,0x00000000dc500000)
  from space 6144K, 94% used [0x00000000dea80000,0x00000000df02d5d8,0x00000000df080000)
  to   space 8704K, 0% used [0x00000000ddf80000,0x00000000ddf80000,0x00000000de800000)
 ParOldGen       total 57344K, used 6777K [0x0000000081e00000, 0x0000000085600000, 0x00000000d5f80000)
  object space 57344K, 11% used [0x0000000081e00000,0x000000008249e4d8,0x0000000085600000)
 Metaspace       used 23758K, capacity 25072K, committed 25344K, reserved 1071104K
  class space    used 3021K, capacity 3292K, committed 3328K, reserved 1048576K
}
Event: 6.275 GC heap before
{Heap before GC invocations=8 (full 1):
 PSYoungGen      total 110080K, used 109749K [0x00000000d5f80000, 0x00000000df080000, 0x0000000100000000)
  eden space 103936K, 100% used [0x00000000d5f80000,0x00000000dc500000,0x00000000dc500000)
  from space 6144K, 94% used [0x00000000dea80000,0x00000000df02d5d8,0x00000000df080000)
  to   space 8704K, 0% used [0x00000000ddf80000,0x00000000ddf80000,0x00000000de800000)
 ParOldGen       total 57344K, used 6777K [0x0000000081e00000, 0x0000000085600000, 0x00000000d5f80000)
  object space 57344K, 11% used [0x0000000081e00000,0x000000008249e4d8,0x0000000085600000)
 Metaspace       used 29434K, capacity 31354K, committed 31616K, reserved 1077248K
  class space    used 3794K, capacity 4139K, committed 4224K, reserved 1048576K
Event: 6.287 GC heap after
Heap after GC invocations=8 (full 1):
 PSYoungGen      total 139776K, used 8692K [0x00000000d5f80000, 0x00000000e0e80000, 0x0000000100000000)
  eden space 131072K, 0% used [0x00000000d5f80000,0x00000000d5f80000,0x00000000ddf80000)
  from space 8704K, 99% used [0x00000000ddf80000,0x00000000de7fd088,0x00000000de800000)
  to   space 9728K, 0% used [0x00000000e0500000,0x00000000e0500000,0x00000000e0e80000)
 ParOldGen       total 57344K, used 7318K [0x0000000081e00000, 0x0000000085600000, 0x00000000d5f80000)
  object space 57344K, 12% used [0x0000000081e00000,0x0000000082525b20,0x0000000085600000)
 Metaspace       used 29434K, capacity 31354K, committed 31616K, reserved 1077248K
  class space    used 3794K, capacity 4139K, committed 4224K, reserved 1048576K
}
Event: 6.997 GC heap before
{Heap before GC invocations=9 (full 1):
 PSYoungGen      total 139776K, used 47504K [0x00000000d5f80000, 0x00000000e0e80000, 0x0000000100000000)
  eden space 131072K, 29% used [0x00000000d5f80000,0x00000000d8567360,0x00000000ddf80000)
  from space 8704K, 99% used [0x00000000ddf80000,0x00000000de7fd088,0x00000000de800000)
  to   space 9728K, 0% used [0x00000000e0500000,0x00000000e0500000,0x00000000e0e80000)
 ParOldGen       total 57344K, used 7318K [0x0000000081e00000, 0x0000000085600000, 0x00000000d5f80000)
  object space 57344K, 12% used [0x0000000081e00000,0x0000000082525b20,0x0000000085600000)
 Metaspace       used 33321K, capacity 35316K, committed 35416K, reserved 1079296K
  class space    used 4332K, capacity 4694K, committed 4736K, reserved 1048576K
Event: 7.008 GC heap after
Heap after GC invocations=9 (full 1):
 PSYoungGen      total 140800K, used 9097K [0x00000000d5f80000, 0x00000000e0e80000, 0x0000000100000000)
  eden space 131072K, 0% used [0x00000000d5f80000,0x00000000d5f80000,0x00000000ddf80000)
  from space 9728K, 93% used [0x00000000e0500000,0x00000000e0de2788,0x00000000e0e80000)
  to   space 8704K, 0% used [0x00000000ddf80000,0x00000000ddf80000,0x00000000de800000)
 ParOldGen       total 57344K, used 7326K [0x0000000081e00000, 0x0000000085600000, 0x00000000d5f80000)
  object space 57344K, 12% used [0x0000000081e00000,0x0000000082527b20,0x0000000085600000)
 Metaspace       used 33321K, capacity 35316K, committed 35416K, reserved 1079296K
  class space    used 4332K, capacity 4694K, committed 4736K, reserved 1048576K
}
Event: 7.008 GC heap before
{Heap before GC invocations=10 (full 2):
 PSYoungGen      total 140800K, used 9097K [0x00000000d5f80000, 0x00000000e0e80000, 0x0000000100000000)
  eden space 131072K, 0% used [0x00000000d5f80000,0x00000000d5f80000,0x00000000ddf80000)
  from space 9728K, 93% used [0x00000000e0500000,0x00000000e0de2788,0x00000000e0e80000)
  to   space 8704K, 0% used [0x00000000ddf80000,0x00000000ddf80000,0x00000000de800000)
 ParOldGen       total 57344K, used 7326K [0x0000000081e00000, 0x0000000085600000, 0x00000000d5f80000)
  object space 57344K, 12% used [0x0000000081e00000,0x0000000082527b20,0x0000000085600000)
 Metaspace       used 33321K, capacity 35316K, committed 35416K, reserved 1079296K
  class space    used 4332K, capacity 4694K, committed 4736K, reserved 1048576K
Event: 7.095 GC heap after
Heap after GC invocations=10 (full 2):
 PSYoungGen      total 140800K, used 0K [0x00000000d5f80000, 0x00000000e0e80000, 0x0000000100000000)
  eden space 131072K, 0% used [0x00000000d5f80000,0x00000000d5f80000,0x00000000ddf80000)
  from space 9728K, 0% used [0x00000000e0500000,0x00000000e0500000,0x00000000e0e80000)
  to   space 8704K, 0% used [0x00000000ddf80000,0x00000000ddf80000,0x00000000de800000)
 ParOldGen       total 57344K, used 13709K [0x0000000081e00000, 0x0000000085600000, 0x00000000d5f80000)
  object space 57344K, 23% used [0x0000000081e00000,0x0000000082b63578,0x0000000085600000)
 Metaspace       used 33321K, capacity 35316K, committed 35416K, reserved 1079296K
  class space    used 4332K, capacity 4694K, committed 4736K, reserved 1048576K
}

Deoptimization events (10 events):
Event: 6.555 Thread 0x000001e12d77b800 Uncommon trap: reason=unstable_if action=reinterpret pc=0x000001e1133c7568 method=java.util.zip.ZipCoder.getBytes(Ljava/lang/String;)[B @ 32
Event: 6.555 Thread 0x000001e12d77b800 Uncommon trap: reason=unstable_if action=reinterpret pc=0x000001e1136bf000 method=java.net.URL.<init>(Ljava/net/URL;Ljava/lang/String;Ljava/net/URLStreamHandler;)V @ 57
Event: 6.555 Thread 0x000001e111838800 Uncommon trap: reason=unstable_if action=reinterpret pc=0x000001e11342fa90 method=java.lang.AbstractStringBuilder.append(Ljava/lang/String;)Ljava/lang/AbstractStringBuilder; @ 1
Event: 6.626 Thread 0x000001e111838800 Uncommon trap: reason=null_check action=make_not_entrant pc=0x000001e113843e20 method=java.util.AbstractCollection.toArray([Ljava/lang/Object;)[Ljava/lang/Object; @ 119
Event: 6.639 Thread 0x000001e111838800 Uncommon trap: reason=unstable_if action=reinterpret pc=0x000001e113b8681c method=java.net.URLClassLoader.isSealed(Ljava/lang/String;Ljava/util/jar/Manifest;)Z @ 41
Event: 6.665 Thread 0x000001e111838800 Uncommon trap: reason=predicate action=maybe_recompile pc=0x000001e113571c5c method=java.lang.String.regionMatches(ZILjava/lang/String;II)Z @ 63
Event: 6.667 Thread 0x000001e111838800 Uncommon trap: reason=unstable_if action=reinterpret pc=0x000001e113c3123c method=java.util.Properties$LineReader.readLine()I @ 174
Event: 6.669 Thread 0x000001e111838800 Uncommon trap: reason=unstable_if action=reinterpret pc=0x000001e113c2f69c method=java.util.Properties.load0(Ljava/util/Properties$LineReader;)V @ 33
Event: 6.672 Thread 0x000001e111838800 Uncommon trap: reason=unstable_if action=reinterpret pc=0x000001e113bcce14 method=java.net.URLClassLoader.isSealed(Ljava/lang/String;Ljava/util/jar/Manifest;)Z @ 41
Event: 6.692 Thread 0x000001e111838800 Uncommon trap: reason=unstable_if action=reinterpret pc=0x000001e113d09d74 method=org.springframework.core.annotation.AnnotationsScanner.processMethodHierarchy(Ljava/lang/Object;[ILjava/lang/Class;Lorg/springframework/core/annotation/AnnotationsProcessor;

Classes redefined (0 events):
No events

Internal exceptions (10 events):
Event: 6.448 Thread 0x000001e111838800 Exception <a 'java/lang/ClassNotFoundException': org/springframework/context/ResourceLoaderAwareCustomizer> (0x00000000d67c9ae8) thrown at [C:\jenkins\workspace\8-2-build-windows-amd64-cygwin\jdk8u271\605\hotspot\src\share\vm\classfile\systemDictionary.cp
Event: 6.449 Thread 0x000001e111838800 Exception <a 'java/lang/ClassNotFoundException': org/springframework/beans/factory/AwareCustomizer> (0x00000000d67e1190) thrown at [C:\jenkins\workspace\8-2-build-windows-amd64-cygwin\jdk8u271\605\hotspot\src\share\vm\classfile\systemDictionary.cpp, line 
Event: 6.451 Thread 0x000001e111838800 Exception <a 'java/lang/ClassNotFoundException': org/springframework/context/ApplicationContextAwareCustomizer> (0x00000000d67fb2a0) thrown at [C:\jenkins\workspace\8-2-build-windows-amd64-cygwin\jdk8u271\605\hotspot\src\share\vm\classfile\systemDictionar
Event: 6.452 Thread 0x000001e111838800 Exception <a 'java/lang/ClassNotFoundException': org/springframework/beans/factory/AwareCustomizer> (0x00000000d6812f50) thrown at [C:\jenkins\workspace\8-2-build-windows-amd64-cygwin\jdk8u271\605\hotspot\src\share\vm\classfile\systemDictionary.cpp, line 
Event: 6.453 Thread 0x000001e111838800 Exception <a 'java/lang/ClassNotFoundException': org/springframework/web/context/ServletContextAwareCustomizer> (0x00000000d682d078) thrown at [C:\jenkins\workspace\8-2-build-windows-amd64-cygwin\jdk8u271\605\hotspot\src\share\vm\classfile\systemDictionar
Event: 6.454 Thread 0x000001e111838800 Exception <a 'java/lang/ClassNotFoundException': org/springframework/beans/factory/AwareCustomizer> (0x00000000d68447a8) thrown at [C:\jenkins\workspace\8-2-build-windows-amd64-cygwin\jdk8u271\605\hotspot\src\share\vm\classfile\systemDictionary.cpp, line 
Event: 6.528 Thread 0x000001e111838800 Exception <a 'java/lang/NoSuchMethodError': java.lang.Object.lambda$static$0(Ljava/lang/Object;)Ljava/lang/Object;> (0x00000000d6cf59d0) thrown at [C:\jenkins\workspace\8-2-build-windows-amd64-cygwin\jdk8u271\605\hotspot\src\share\vm\interpreter\linkResol
Event: 6.555 Thread 0x000001e111838800 Implicit null exception at 0x000001e11342f6d6 to 0x000001e11342fa79
Event: 6.626 Thread 0x000001e111838800 Implicit null exception at 0x000001e113843cfd to 0x000001e113843e15
Event: 6.671 Thread 0x000001e111838800 Exception <a 'java/lang/NoClassDefFoundError': oracle/security/pki/OraclePKIProvider> (0x00000000d72b59a0) thrown at [C:\jenkins\workspace\8-2-build-windows-amd64-cygwin\jdk8u271\605\hotspot\src\share\vm\classfile\systemDictionary.cpp, line 201]

Events (10 events):
Event: 7.189 loading class net/bytebuddy/implementation/Implementation$Context$Factory
Event: 7.189 loading class net/bytebuddy/implementation/Implementation$Context$Factory done
Event: 7.189 loading class net/bytebuddy/dynamic/scaffold/InstrumentedType$Factory
Event: 7.189 loading class net/bytebuddy/dynamic/scaffold/InstrumentedType$Factory done
Event: 7.190 loading class net/bytebuddy/dynamic/VisibilityBridgeStrategy
Event: 7.190 loading class net/bytebuddy/dynamic/VisibilityBridgeStrategy done
Event: 7.190 loading class net/bytebuddy/dynamic/scaffold/ClassWriterStrategy
Event: 7.190 loading class net/bytebuddy/dynamic/scaffold/ClassWriterStrategy done
Event: 7.191 loading class net/bytebuddy/NamingStrategy$SuffixingRandom
Event: 7.191 loading class net/bytebuddy/NamingStrategy$SuffixingRandom done


Dynamic libraries:
0x00007ff609010000 - 0x00007ff609057000 	C:\Program Files\Java\jdk1.8.0_271\bin\java.exe
0x00007ffc209b0000 - 0x00007ffc20ba5000 	C:\Windows\SYSTEM32\ntdll.dll
0x00007ffc1f0c0000 - 0x00007ffc1f17d000 	C:\Windows\System32\KERNEL32.DLL
0x00007ffc1e500000 - 0x00007ffc1e7c8000 	C:\Windows\System32\KERNELBASE.dll
0x00007ffc1ef50000 - 0x00007ffc1effc000 	C:\Windows\System32\ADVAPI32.dll
0x00007ffc1f1c0000 - 0x00007ffc1f25e000 	C:\Windows\System32\msvcrt.dll
0x00007ffc1f020000 - 0x00007ffc1f0bb000 	C:\Windows\System32\sechost.dll
0x00007ffc20760000 - 0x00007ffc2088b000 	C:\Windows\System32\RPCRT4.dll
0x00007ffc204d0000 - 0x00007ffc20670000 	C:\Windows\System32\USER32.dll
0x00007ffc1e900000 - 0x00007ffc1e922000 	C:\Windows\System32\win32u.dll
0x00007ffc20670000 - 0x00007ffc2069a000 	C:\Windows\System32\GDI32.dll
0x00007ffc1e3f0000 - 0x00007ffc1e4fb000 	C:\Windows\System32\gdi32full.dll
0x00007ffc1e0f0000 - 0x00007ffc1e18d000 	C:\Windows\System32\msvcp_win.dll
0x00007ffc1e190000 - 0x00007ffc1e290000 	C:\Windows\System32\ucrtbase.dll
0x00007ffc0e390000 - 0x00007ffc0e62a000 	C:\Windows\WinSxS\amd64_microsoft.windows.common-controls_6595b64144ccf1df_6.0.19041.844_none_ca00b6081b84eb1d\COMCTL32.dll
0x00007ffc1f180000 - 0x00007ffc1f1b0000 	C:\Windows\System32\IMM32.DLL
0x00007ffc19140000 - 0x00007ffc19155000 	C:\Program Files\Java\jdk1.8.0_271\jre\bin\vcruntime140.dll
0x00007ffc16f50000 - 0x00007ffc16feb000 	C:\Program Files\Java\jdk1.8.0_271\jre\bin\msvcp140.dll
0x0000000055890000 - 0x00000000560ff000 	C:\Program Files\Java\jdk1.8.0_271\jre\bin\server\jvm.dll
0x00007ffc206a0000 - 0x00007ffc206a8000 	C:\Windows\System32\PSAPI.DLL
0x00007ffc075d0000 - 0x00007ffc075d9000 	C:\Windows\SYSTEM32\WSOCK32.dll
0x00007ffc1f7f0000 - 0x00007ffc1f85b000 	C:\Windows\System32\WS2_32.dll
0x00007ffc14d10000 - 0x00007ffc14d37000 	C:\Windows\SYSTEM32\WINMM.dll
0x00007ffc183f0000 - 0x00007ffc183fa000 	C:\Windows\SYSTEM32\VERSION.dll
0x00007ffc1c040000 - 0x00007ffc1c052000 	C:\Windows\SYSTEM32\kernel.appcore.dll
0x00007ffc19bc0000 - 0x00007ffc19bd0000 	C:\Program Files\Java\jdk1.8.0_271\jre\bin\verify.dll
0x00007ffc18af0000 - 0x00007ffc18b1b000 	C:\Program Files\Java\jdk1.8.0_271\jre\bin\java.dll
0x00007ffc11e40000 - 0x00007ffc11e70000 	C:\Program Files\Java\jdk1.8.0_271\jre\bin\instrument.dll
0x00007ffc18960000 - 0x00007ffc18978000 	C:\Program Files\Java\jdk1.8.0_271\jre\bin\zip.dll
0x00007ffc1fc50000 - 0x00007ffc20392000 	C:\Windows\System32\SHELL32.dll
0x00007ffc1c240000 - 0x00007ffc1c9d0000 	C:\Windows\SYSTEM32\windows.storage.dll
0x00007ffc1ebf0000 - 0x00007ffc1ef45000 	C:\Windows\System32\combase.dll
0x00007ffc1db60000 - 0x00007ffc1db8c000 	C:\Windows\SYSTEM32\Wldp.dll
0x00007ffc206b0000 - 0x00007ffc2075e000 	C:\Windows\System32\SHCORE.dll
0x00007ffc20400000 - 0x00007ffc20455000 	C:\Windows\System32\shlwapi.dll
0x00007ffc1e030000 - 0x00007ffc1e04f000 	C:\Windows\SYSTEM32\profapi.dll
0x00007ffc0eb70000 - 0x00007ffc0eb8a000 	C:\Program Files\JetBrains\IntelliJ IDEA Community Edition 2020.2.2\bin\breakgen64.dll
0x00007ffc18890000 - 0x00007ffc188ac000 	C:\Program Files\Java\jdk1.8.0_271\jre\bin\net.dll
0x00007ffc1d8d0000 - 0x00007ffc1d93a000 	C:\Windows\system32\mswsock.dll
0x00007ffc187b0000 - 0x00007ffc187bd000 	C:\Program Files\Java\jdk1.8.0_271\jre\bin\management.dll
0x00007ffc01380000 - 0x00007ffc01397000 	C:\Windows\system32\napinsp.dll
0x00007ffc01360000 - 0x00007ffc0137b000 	C:\Windows\system32\pnrpnsp.dll
0x00007ffc01340000 - 0x00007ffc01355000 	C:\Windows\system32\wshbth.dll
0x00007ffc19ba0000 - 0x00007ffc19bbd000 	C:\Windows\system32\NLAapi.dll
0x00007ffc1d570000 - 0x00007ffc1d5ab000 	C:\Windows\SYSTEM32\IPHLPAPI.DLL
0x00007ffc1d5c0000 - 0x00007ffc1d68c000 	C:\Windows\SYSTEM32\DNSAPI.dll
0x00007ffc20460000 - 0x00007ffc20468000 	C:\Windows\System32\NSI.dll
0x00007ffc00ec0000 - 0x00007ffc00ed2000 	C:\Windows\System32\winrnr.dll
0x00007ffc16430000 - 0x00007ffc1643a000 	C:\Windows\System32\rasadhlp.dll
0x00007ffc14130000 - 0x00007ffc141af000 	C:\Windows\System32\fwpuclnt.dll
0x00007ffc1e990000 - 0x00007ffc1e9b7000 	C:\Windows\System32\bcrypt.dll
0x00007ffc17240000 - 0x00007ffc17253000 	C:\Program Files\Java\jdk1.8.0_271\jre\bin\nio.dll
0x00007ffc1dab0000 - 0x00007ffc1dac8000 	C:\Windows\SYSTEM32\CRYPTSP.dll
0x00007ffc1d200000 - 0x00007ffc1d234000 	C:\Windows\system32\rsaenh.dll
0x00007ffc1dff0000 - 0x00007ffc1e01e000 	C:\Windows\SYSTEM32\USERENV.dll
0x00007ffc1e880000 - 0x00007ffc1e900000 	C:\Windows\System32\bcryptprimitives.dll
0x00007ffc1daa0000 - 0x00007ffc1daac000 	C:\Windows\SYSTEM32\CRYPTBASE.dll
0x00007ffc16ce0000 - 0x00007ffc16cf7000 	C:\Windows\SYSTEM32\dhcpcsvc6.DLL
0x00007ffc16cc0000 - 0x00007ffc16cdd000 	C:\Windows\SYSTEM32\dhcpcsvc.DLL
0x00007ffc0bbc0000 - 0x00007ffc0bda4000 	C:\Windows\SYSTEM32\dbghelp.dll

VM Arguments:
jvm_args: -javaagent:C:\Program Files\JetBrains\IntelliJ IDEA Community Edition 2020.2.2\lib\idea_rt.jar=57235:C:\Program Files\JetBrains\IntelliJ IDEA Community Edition 2020.2.2\bin -Dfile.encoding=UTF-8 
java_command: SpringBootSecurityJwtApplication
java_class_path (initial): C:\Program Files\Java\jdk1.8.0_271\jre\lib\charsets.jar;C:\Program Files\Java\jdk1.8.0_271\jre\lib\deploy.jar;C:\Program Files\Java\jdk1.8.0_271\jre\lib\ext\access-bridge-64.jar;C:\Program Files\Java\jdk1.8.0_271\jre\lib\ext\cldrdata.jar;C:\Program Files\Java\jdk1.8.0_271\jre\lib\ext\dnsns.jar;C:\Program Files\Java\jdk1.8.0_271\jre\lib\ext\jaccess.jar;C:\Program Files\Java\jdk1.8.0_271\jre\lib\ext\jfxrt.jar;C:\Program Files\Java\jdk1.8.0_271\jre\lib\ext\localedata.jar;C:\Program Files\Java\jdk1.8.0_271\jre\lib\ext\nashorn.jar;C:\Program Files\Java\jdk1.8.0_271\jre\lib\ext\sunec.jar;C:\Program Files\Java\jdk1.8.0_271\jre\lib\ext\sunjce_provider.jar;C:\Program Files\Java\jdk1.8.0_271\jre\lib\ext\sunmscapi.jar;C:\Program Files\Java\jdk1.8.0_271\jre\lib\ext\sunpkcs11.jar;C:\Program Files\Java\jdk1.8.0_271\jre\lib\ext\zipfs.jar;C:\Program Files\Java\jdk1.8.0_271\jre\lib\javaws.jar;C:\Program Files\Java\jdk1.8.0_271\jre\lib\jce.jar;C:\Program Files\Java\jdk1.8.0_271\jre\lib\jfr.jar;C:\Program Files\Java\jdk1.8.0_271\jre\lib\jfxswt.jar;C:\Program Files\Java\jdk1.8.0_271\jre\lib\jsse.jar;C:\Program Files\Java\jdk1.8.0_271\jre\lib\management-agent.jar;C:\Program Files\Java\jdk1.8.0_271\jre\lib\plugin.jar;C:\Program Files\Java\jdk1.8.0_271\jre\lib\resources.jar;C:\Program Files\Java\jdk1.8.0_271\jre\lib\rt.jar;C:\Users\krsti\Desktop\PIB\spring-boot-server\target\classes;C:\Users\krsti\.m2\repository\org\springframework\boot\spring-boot-starter-data-jpa\2.4.4\spring-boot-starter-data-jpa-2.4.4.jar;C:\Users\krsti\.m2\repository\org\springframework\boot\spring-boot-starter-aop\2.4.4\spring-boot-starter-aop-2.4.4.jar;C:\Users\krsti\.m2\repository\org\aspectj\aspectjweaver\1.9.6\aspectjweaver-1.9.6.jar;C:\Users\krsti\.m2\repository\org\springframework\boot\spring-boot-starter-jdbc\2.4.4\spring-boot-starter-jdbc-2.4.4.jar;C:\Users\krsti\.m2\repository\com\zaxxer\HikariCP\3.4.5\HikariCP-3.4.5.jar;C:\Users\krsti\.m2\repository\org\springframework\spring-j
Launcher Type: SUN_STANDARD

Environment Variables:
JAVA_HOME=C:\Program Files\Java\jdk1.8.0_271\bin
PATH=C:\Users\krsti\Desktop\asdasd\bin;C:\Program Files\Python38\Scripts\;C:\Program Files\Python38\;C:\Program Files (x86)\Common Files\Oracle\Java\javapath;C:\Windows\system32;C:\Windows;C:\Windows\System32\Wbem;C:\Windows\System32\WindowsPowerShell\v1.0\;C:\Windows\System32\OpenSSH\;C:\Program Files\Microsoft SQL Server\130\Tools\Binn\;C:\Program Files\Git\cmd;C:\Program Files (x86)\GitExtensions\;C:\Program Files\dotnet\;C:\Program Files\Java\jdk1.8.0_271\bin;C:\Program Files\nodejs\;D:\matlab\bin;C:\Users\krsti\AppData\Local\Microsoft\WindowsApps;C:\Users\krsti\AppData\Local\Programs\Microsoft VS Code\bin;C:\Users\krsti\.dotnet\tools;C:\Users\krsti\.dotnet\tools;C:\Users\krsti\AppData\Roaming\npm
USERNAME=Ivan
OS=Windows_NT
PROCESSOR_IDENTIFIER=Intel64 Family 6 Model 142 Stepping 10, GenuineIntel



---------------  S Y S T E M  ---------------

OS: Windows 10.0 , 64 bit Build 19041 (10.0.19041.928)

CPU:total 8 (initial active 8) (4 cores per cpu, 2 threads per core) family 6 model 142 stepping 10, cmov, cx8, fxsr, mmx, sse, sse2, sse3, ssse3, sse4.1, sse4.2, popcnt, avx, avx2, aes, clmul, erms, 3dnowpref, lzcnt, ht, tsc, tscinvbit, bmi1, bmi2, adx

Memory: 4k page, physical 8261220k(710712k free), swap 21285048k(5248k free)

vm_info: Java HotSpot(TM) 64-Bit Server VM (25.271-b09) for windows-amd64 JRE (1.8.0_271-b09), built on Sep 16 2020 19:14:59 by "" with MS VC++ 15.9 (VS2017)

time: Wed May 19 13:49:19 2021
timezone: Central Europe Daylight Time
elapsed time: 7.221406 seconds (0d 0h 0m 7s)

