#
# There is insufficient memory for the Java Runtime Environment to continue.
# Native memory allocation (malloc) failed to allocate 1048576 bytes for AllocateHeap
# Possible reasons:
#   The system is out of physical RAM or swap space
#   The process is running with CompressedOops enabled, and the Java Heap may be blocking the growth of the native heap
# Possible solutions:
#   Reduce memory load on the system
#   Increase physical memory or swap space
#   Check if swap backing store is full
#   Decrease Java heap size (-Xmx/-Xms)
#   Decrease number of Java threads
#   Decrease Java thread stack sizes (-Xss)
#   Set larger code cache with -XX:ReservedCodeCacheSize=
#   JVM is running with Unscaled Compressed Oops mode in which the Java heap is
#     placed in the first 4GB address space. The Java Heap base address is the
#     maximum limit for the native heap growth. Please use -XX:HeapBaseMinAddress
#     to set the Java Heap base and to place the Java Heap above 4GB virtual address.
# This output file may be truncated or incomplete.
#
#  Out of Memory Error (memory/allocation.inline.hpp:61), pid=14516, tid=0x0000000000004f20
#
# JRE version:  (8.0_271-b09) (build )
# Java VM: Java HotSpot(TM) 64-Bit Server VM (25.271-b09 mixed mode windows-amd64 compressed oops)
# Failed to write core dump. Minidumps are not enabled by default on client versions of Windows
#

---------------  T H R E A D  ---------------

Current thread (0x000001620c45a800):  JavaThread "Unknown thread" [_thread_in_vm, id=20256, stack(0x0000005c1f700000,0x0000005c1f800000)]

Stack: [0x0000005c1f700000,0x0000005c1f800000]
Native frames: (J=compiled Java code, j=interpreted, Vv=VM code, C=native code)
V  [jvm.dll+0x33f6c9]
V  [jvm.dll+0x286122]
V  [jvm.dll+0x286dcd]
V  [jvm.dll+0x27d805]
V  [jvm.dll+0x1565d]
V  [jvm.dll+0x3e35e7]
V  [jvm.dll+0x3e3fd8]
V  [jvm.dll+0x10cfff]
V  [jvm.dll+0x21ab2b]
V  [jvm.dll+0x2494e7]
V  [jvm.dll+0x172a76]
C  [java.exe+0x2312]
C  [java.exe+0x15f54]
C  [KERNEL32.DLL+0x17034]
C  [ntdll.dll+0x52651]


---------------  P R O C E S S  ---------------

Java Threads: ( => current thread )

Other Threads:

=>0x000001620c45a800 (exited) JavaThread "Unknown thread" [_thread_in_vm, id=20256, stack(0x0000005c1f700000,0x0000005c1f800000)]

VM state:not at safepoint (normal execution)

VM Mutex/Monitor currently owned by a thread: None

heap address: 0x0000000081e00000, size: 2018 MB, Compressed Oops mode: 32-bit
Narrow klass base: 0x0000000000000000, Narrow klass shift: 3
Compressed class space size: 1073741824 Address: 0x0000000100000000

Heap:
 PSYoungGen      total 38400K, used 665K [0x00000000d5f80000, 0x00000000d8a00000, 0x0000000100000000)
  eden space 33280K, 2% used [0x00000000d5f80000,0x00000000d6026670,0x00000000d8000000)
  from space 5120K, 0% used [0x00000000d8500000,0x00000000d8500000,0x00000000d8a00000)
  to   space 5120K, 0% used [0x00000000d8000000,0x00000000d8000000,0x00000000d8500000)
 ParOldGen       total 87552K, used 0K [0x0000000081e00000, 0x0000000087380000, 0x00000000d5f80000)
  object space 87552K, 0% used [0x0000000081e00000,0x0000000081e00000,0x0000000087380000)
 Metaspace       used 776K, capacity 4480K, committed 4480K, reserved 1056768K
  class space    used 76K, capacity 384K, committed 384K, reserved 1048576K

Card table byte_map: [0x000001621d2b0000,0x000001621d6b0000] byte_map_base: 0x000001621cea1000

Marking Bits: (ParMarkBitMap*) 0x0000000063fc7fe0
 Begin Bits: [0x000001621d960000, 0x000001621f8e8000)
 End Bits:   [0x000001621f8e8000, 0x0000016221870000)

Polling page: 0x000001620c670000

CodeCache: size=245760Kb used=328Kb max_used=328Kb free=245431Kb
 bounds [0x000001620def0000, 0x000001620e160000, 0x000001621cef0000]
 total_blobs=58 nmethods=0 adapters=38
 compilation: enabled

Compilation events (0 events):
No events

GC Heap History (0 events):
No events

Deoptimization events (0 events):
No events

Classes redefined (0 events):
No events

Internal exceptions (0 events):
No events

Events (10 events):
Event: 0.033 loading class java/lang/Short
Event: 0.033 loading class java/lang/Short done
Event: 0.033 loading class java/lang/Integer
Event: 0.033 loading class java/lang/Integer done
Event: 0.033 loading class java/lang/Long
Event: 0.033 loading class java/lang/Long done
Event: 0.034 loading class java/lang/NullPointerException
Event: 0.034 loading class java/lang/NullPointerException done
Event: 0.034 loading class java/lang/ArithmeticException
Event: 0.034 loading class java/lang/ArithmeticException done


Dynamic libraries:
0x00007ff6f0f10000 - 0x00007ff6f0f57000 	C:\Program Files\Java\jdk1.8.0_271\bin\java.exe
0x00007ffbc5cd0000 - 0x00007ffbc5ec5000 	C:\Windows\SYSTEM32\ntdll.dll
0x00007ffbc4f70000 - 0x00007ffbc502d000 	C:\Windows\System32\KERNEL32.DLL
0x00007ffbc38b0000 - 0x00007ffbc3b78000 	C:\Windows\System32\KERNELBASE.dll
0x00007ffbc4b30000 - 0x00007ffbc4bdc000 	C:\Windows\System32\ADVAPI32.dll
0x00007ffbc4320000 - 0x00007ffbc43be000 	C:\Windows\System32\msvcrt.dll
0x00007ffbc4d50000 - 0x00007ffbc4deb000 	C:\Windows\System32\sechost.dll
0x00007ffbc4430000 - 0x00007ffbc455b000 	C:\Windows\System32\RPCRT4.dll
0x00007ffbc45d0000 - 0x00007ffbc4770000 	C:\Windows\System32\USER32.dll
0x00007ffbc3880000 - 0x00007ffbc38a2000 	C:\Windows\System32\win32u.dll
0x00007ffbc5c60000 - 0x00007ffbc5c8a000 	C:\Windows\System32\GDI32.dll
0x00007ffbc34b0000 - 0x00007ffbc35bb000 	C:\Windows\System32\gdi32full.dll
0x00007ffbc3410000 - 0x00007ffbc34ad000 	C:\Windows\System32\msvcp_win.dll
0x00007ffbc35c0000 - 0x00007ffbc36c0000 	C:\Windows\System32\ucrtbase.dll
0x00007ffbb36b0000 - 0x00007ffbb394a000 	C:\Windows\WinSxS\amd64_microsoft.windows.common-controls_6595b64144ccf1df_6.0.19041.844_none_ca00b6081b84eb1d\COMCTL32.dll
0x00007ffbc50e0000 - 0x00007ffbc5110000 	C:\Windows\System32\IMM32.DLL
0x00007ffbc0cc0000 - 0x00007ffbc0cd5000 	C:\Program Files\Java\jdk1.8.0_271\jre\bin\vcruntime140.dll
0x00007ffbbc060000 - 0x00007ffbbc0fb000 	C:\Program Files\Java\jdk1.8.0_271\jre\bin\msvcp140.dll
0x00000000637d0000 - 0x000000006403f000 	C:\Program Files\Java\jdk1.8.0_271\jre\bin\server\jvm.dll
0x00007ffbc4420000 - 0x00007ffbc4428000 	C:\Windows\System32\PSAPI.DLL
0x00007ffbab930000 - 0x00007ffbab939000 	C:\Windows\SYSTEM32\WSOCK32.dll
0x00007ffbbb340000 - 0x00007ffbbb367000 	C:\Windows\SYSTEM32\WINMM.dll
0x00007ffbbd500000 - 0x00007ffbbd50a000 	C:\Windows\SYSTEM32\VERSION.dll
0x00007ffbc4560000 - 0x00007ffbc45cb000 	C:\Windows\System32\WS2_32.dll
0x00007ffbc1360000 - 0x00007ffbc1372000 	C:\Windows\SYSTEM32\kernel.appcore.dll
0x00007ffbc0cb0000 - 0x00007ffbc0cc0000 	C:\Program Files\Java\jdk1.8.0_271\jre\bin\verify.dll
0x00007ffbbe360000 - 0x00007ffbbe38b000 	C:\Program Files\Java\jdk1.8.0_271\jre\bin\java.dll
0x00007ffbbe050000 - 0x00007ffbbe080000 	C:\Program Files\Java\jdk1.8.0_271\jre\bin\instrument.dll
0x00007ffbbcb00000 - 0x00007ffbbcb18000 	C:\Program Files\Java\jdk1.8.0_271\jre\bin\zip.dll
0x00007ffbafc80000 - 0x00007ffbafe64000 	C:\Windows\SYSTEM32\dbghelp.dll
0x00007ffbc37d0000 - 0x00007ffbc3850000 	C:\Windows\System32\bcryptPrimitives.dll

VM Arguments:
jvm_args: -javaagent:C:\Program Files\JetBrains\IntelliJ IDEA Community Edition 2020.2.2\lib\idea_rt.jar=54389:C:\Program Files\JetBrains\IntelliJ IDEA Community Edition 2020.2.2\bin -Dfile.encoding=UTF-8 
java_command: SpringBootSecurityJwtApplication
java_class_path (initial): C:\Program Files\Java\jdk1.8.0_271\jre\lib\charsets.jar;C:\Program Files\Java\jdk1.8.0_271\jre\lib\deploy.jar;C:\Program Files\Java\jdk1.8.0_271\jre\lib\ext\access-bridge-64.jar;C:\Program Files\Java\jdk1.8.0_271\jre\lib\ext\cldrdata.jar;C:\Program Files\Java\jdk1.8.0_271\jre\lib\ext\dnsns.jar;C:\Program Files\Java\jdk1.8.0_271\jre\lib\ext\jaccess.jar;C:\Program Files\Java\jdk1.8.0_271\jre\lib\ext\jfxrt.jar;C:\Program Files\Java\jdk1.8.0_271\jre\lib\ext\localedata.jar;C:\Program Files\Java\jdk1.8.0_271\jre\lib\ext\nashorn.jar;C:\Program Files\Java\jdk1.8.0_271\jre\lib\ext\sunec.jar;C:\Program Files\Java\jdk1.8.0_271\jre\lib\ext\sunjce_provider.jar;C:\Program Files\Java\jdk1.8.0_271\jre\lib\ext\sunmscapi.jar;C:\Program Files\Java\jdk1.8.0_271\jre\lib\ext\sunpkcs11.jar;C:\Program Files\Java\jdk1.8.0_271\jre\lib\ext\zipfs.jar;C:\Program Files\Java\jdk1.8.0_271\jre\lib\javaws.jar;C:\Program Files\Java\jdk1.8.0_271\jre\lib\jce.jar;C:\Program Files\Java\jdk1.8.0_271\jre\lib\jfr.jar;C:\Program Files\Java\jdk1.8.0_271\jre\lib\jfxswt.jar;C:\Program Files\Java\jdk1.8.0_271\jre\lib\jsse.jar;C:\Program Files\Java\jdk1.8.0_271\jre\lib\management-agent.jar;C:\Program Files\Java\jdk1.8.0_271\jre\lib\plugin.jar;C:\Program Files\Java\jdk1.8.0_271\jre\lib\resources.jar;C:\Program Files\Java\jdk1.8.0_271\jre\lib\rt.jar;C:\Users\krsti\Desktop\PIB\spring-boot-server\target\classes;C:\Users\krsti\.m2\repository\org\springframework\boot\spring-boot-starter-data-jpa\2.4.4\spring-boot-starter-data-jpa-2.4.4.jar;C:\Users\krsti\.m2\repository\org\springframework\boot\spring-boot-starter-aop\2.4.4\spring-boot-starter-aop-2.4.4.jar;C:\Users\krsti\.m2\repository\org\aspectj\aspectjweaver\1.9.6\aspectjweaver-1.9.6.jar;C:\Users\krsti\.m2\repository\org\springframework\boot\spring-boot-starter-jdbc\2.4.4\spring-boot-starter-jdbc-2.4.4.jar;C:\Users\krsti\.m2\repository\com\zaxxer\HikariCP\3.4.5\HikariCP-3.4.5.jar;C:\Users\krsti\.m2\repository\org\springframework\spring-j
Launcher Type: SUN_STANDARD

Environment Variables:
JAVA_HOME=C:\Program Files\Java\jdk1.8.0_271\bin
PATH=C:\Users\krsti\Desktop\asdasd\bin;C:\Program Files\Python38\Scripts\;C:\Program Files\Python38\;C:\Program Files (x86)\Common Files\Oracle\Java\javapath;C:\Windows\system32;C:\Windows;C:\Windows\System32\Wbem;C:\Windows\System32\WindowsPowerShell\v1.0\;C:\Windows\System32\OpenSSH\;C:\Program Files\Microsoft SQL Server\130\Tools\Binn\;C:\Program Files\Git\cmd;C:\Program Files (x86)\GitExtensions\;C:\Program Files\dotnet\;C:\Program Files\Microsoft SQL Server\Client SDK\ODBC\170\Tools\Binn\;C:\Program Files\Java\jdk1.8.0_271\bin;C:\Program Files\nodejs\;D:\matlab\bin;C:\Users\krsti\AppData\Local\Microsoft\WindowsApps;C:\Users\krsti\AppData\Local\Programs\Microsoft VS Code\bin;C:\Users\krsti\.dotnet\tools;C:\Users\krsti\.dotnet\tools;C:\Users\krsti\AppData\Roaming\npm
USERNAME=Ivan
OS=Windows_NT
PROCESSOR_IDENTIFIER=Intel64 Family 6 Model 142 Stepping 10, GenuineIntel



---------------  S Y S T E M  ---------------

OS: Windows 10.0 , 64 bit Build 19041 (10.0.19041.928)

CPU:total 8 (initial active 8) (4 cores per cpu, 2 threads per core) family 6 model 142 stepping 10, cmov, cx8, fxsr, mmx, sse, sse2, sse3, ssse3, sse4.1, sse4.2, popcnt, avx, avx2, aes, clmul, erms, 3dnowpref, lzcnt, ht, tsc, tscinvbit, bmi1, bmi2, adx

Memory: 4k page, physical 8261220k(824140k free), swap 20151912k(5860k free)

vm_info: Java HotSpot(TM) 64-Bit Server VM (25.271-b09) for windows-amd64 JRE (1.8.0_271-b09), built on Sep 16 2020 19:14:59 by "" with MS VC++ 15.9 (VS2017)

time: Mon May 17 16:45:14 2021
timezone: Central Europe Daylight Time
elapsed time: 0.064860 seconds (0d 0h 0m 0s)

