#
# There is insufficient memory for the Java Runtime Environment to continue.
# Native memory allocation (malloc) failed to allocate 1581456 bytes for Chunk::new
# Possible reasons:
#   The system is out of physical RAM or swap space
#   The process is running with CompressedOops enabled, and the Java Heap may be blocking the growth of the native heap
# Possible solutions:
#   Reduce memory load on the system
#   Increase physical memory or swap space
#   Check if swap backing store is full
#   Decrease Java heap size (-Xmx/-Xms)
#   Decrease number of Java threads
#   Decrease Java thread stack sizes (-Xss)
#   Set larger code cache with -XX:ReservedCodeCacheSize=
#   JVM is running with Unscaled Compressed Oops mode in which the Java heap is
#     placed in the first 4GB address space. The Java Heap base address is the
#     maximum limit for the native heap growth. Please use -XX:HeapBaseMinAddress
#     to set the Java Heap base and to place the Java Heap above 4GB virtual address.
# This output file may be truncated or incomplete.
#
#  Out of Memory Error (allocation.cpp:389), pid=720, tid=0x00000000000024e8
#
# JRE version: Java(TM) SE Runtime Environment (8.0_271-b09) (build 1.8.0_271-b09)
# Java VM: Java HotSpot(TM) 64-Bit Server VM (25.271-b09 mixed mode windows-amd64 compressed oops)
# Failed to write core dump. Minidumps are not enabled by default on client versions of Windows
#

---------------  T H R E A D  ---------------

Current thread (0x00000251f22c7800):  JavaThread "C2 CompilerThread0" daemon [_thread_in_native, id=9448, stack(0x000000f323c00000,0x000000f323d00000)]

Stack: [0x000000f323c00000,0x000000f323d00000]
Native frames: (J=compiled Java code, j=interpreted, Vv=VM code, C=native code)
V  [jvm.dll+0x33f6c9]
V  [jvm.dll+0x286122]
V  [jvm.dll+0x286dcd]
V  [jvm.dll+0x27d805]
V  [jvm.dll+0xe574c]
V  [jvm.dll+0xe5f4c]
V  [jvm.dll+0x480043]
V  [jvm.dll+0x447de8]
V  [jvm.dll+0x450c25]
V  [jvm.dll+0x44ffe5]
V  [jvm.dll+0x43aef7]
V  [jvm.dll+0xbc3eb]
V  [jvm.dll+0xbaa4b]
V  [jvm.dll+0x24e7c2]
V  [jvm.dll+0x2a2dcc]
C  [ucrtbase.dll+0x21bb2]
C  [KERNEL32.DLL+0x17034]
C  [ntdll.dll+0x52651]


Current CompileTask:
C2:  45572 4985       4       java.lang.Class::privateGetMethodRecursive (130 bytes)


---------------  P R O C E S S  ---------------

Java Threads: ( => current thread )
  0x00000251f58c0000 JavaThread "HikariPool-1 housekeeper" daemon [_thread_blocked, id=2380, stack(0x000000f324600000,0x000000f324700000)]
  0x00000251f58bd800 JavaThread "InterruptTimer" daemon [_thread_blocked, id=3944, stack(0x000000f324500000,0x000000f324600000)]
  0x00000251f58c0800 JavaThread "oracle.jdbc.driver.BlockSource.ThreadedCachingBlockSource.BlockReleaser" daemon [_thread_blocked, id=6564, stack(0x000000f324400000,0x000000f324500000)]
  0x00000251f58bf000 JavaThread "Timer-0" daemon [_thread_blocked, id=5852, stack(0x000000f324300000,0x000000f324400000)]
  0x00000251f58be800 JavaThread "mysql-cj-abandoned-connection-cleanup" daemon [_thread_blocked, id=7604, stack(0x000000f324200000,0x000000f324300000)]
  0x00000251f22dc800 JavaThread "Service Thread" daemon [_thread_blocked, id=8200, stack(0x000000f324000000,0x000000f324100000)]
  0x00000251f22d3800 JavaThread "C1 CompilerThread3" daemon [_thread_blocked, id=11532, stack(0x000000f323f00000,0x000000f324000000)]
  0x00000251f22ce000 JavaThread "C2 CompilerThread2" daemon [_thread_in_native, id=7424, stack(0x000000f323e00000,0x000000f323f00000)]
  0x00000251f22c9000 JavaThread "C2 CompilerThread1" daemon [_thread_in_native, id=2768, stack(0x000000f323d00000,0x000000f323e00000)]
=>0x00000251f22c7800 JavaThread "C2 CompilerThread0" daemon [_thread_in_native, id=9448, stack(0x000000f323c00000,0x000000f323d00000)]
  0x00000251f22c6000 JavaThread "Monitor Ctrl-Break" daemon [_thread_in_native, id=11868, stack(0x000000f323b00000,0x000000f323c00000)]
  0x00000251f014c000 JavaThread "Attach Listener" daemon [_thread_blocked, id=7796, stack(0x000000f323a00000,0x000000f323b00000)]
  0x00000251f014b000 JavaThread "Signal Dispatcher" daemon [_thread_blocked, id=4860, stack(0x000000f323900000,0x000000f323a00000)]
  0x00000251f0124000 JavaThread "Finalizer" daemon [_thread_blocked, id=17572, stack(0x000000f323800000,0x000000f323900000)]
  0x00000251f011c000 JavaThread "Reference Handler" daemon [_thread_blocked, id=5728, stack(0x000000f323700000,0x000000f323800000)]
  0x00000251da048800 JavaThread "main" [_thread_in_native, id=8196, stack(0x000000f322d00000,0x000000f322e00000)]

Other Threads:
  0x00000251f00f3800 VMThread [stack: 0x000000f323600000,0x000000f323700000] [id=13928]
  0x00000251f2448000 WatcherThread [stack: 0x000000f324100000,0x000000f324200000] [id=12072]

VM state:not at safepoint (normal execution)

VM Mutex/Monitor currently owned by a thread: None

heap address: 0x0000000081e00000, size: 2018 MB, Compressed Oops mode: 32-bit
Narrow klass base: 0x0000000000000000, Narrow klass shift: 3
Compressed class space size: 1073741824 Address: 0x0000000100000000

Heap:
 PSYoungGen      total 165376K, used 16780K [0x00000000d5f80000, 0x00000000e1300000, 0x0000000100000000)
  eden space 151552K, 11% used [0x00000000d5f80000,0x00000000d6fe3370,0x00000000df380000)
  from space 13824K, 0% used [0x00000000e0580000,0x00000000e0580000,0x00000000e1300000)
  to   space 15872K, 0% used [0x00000000df400000,0x00000000df400000,0x00000000e0380000)
 ParOldGen       total 98304K, used 24324K [0x0000000081e00000, 0x0000000087e00000, 0x00000000d5f80000)
  object space 98304K, 24% used [0x0000000081e00000,0x00000000835c1210,0x0000000087e00000)
 Metaspace       used 57286K, capacity 60145K, committed 60376K, reserved 1101824K
  class space    used 7864K, capacity 8349K, committed 8448K, reserved 1048576K

Card table byte_map: [0x00000251eacd0000,0x00000251eb0d0000] byte_map_base: 0x00000251ea8c1000

Marking Bits: (ParMarkBitMap*) 0x0000000056087fe0
 Begin Bits: [0x00000251eb380000, 0x00000251ed308000)
 End Bits:   [0x00000251ed308000, 0x00000251ef290000)

Polling page: 0x00000251db8e0000

CodeCache: size=245760Kb used=15534Kb max_used=15534Kb free=230225Kb
 bounds [0x00000251db910000, 0x00000251dc850000, 0x00000251ea910000]
 total_blobs=5335 nmethods=4765 adapters=481
 compilation: enabled

Compilation events (10 events):
Event: 45.464 Thread 0x00000251f22d3800 5284       3       java.util.regex.Pattern::group0 (994 bytes)
Event: 45.471 Thread 0x00000251f22d3800 nmethod 5284 0x00000251dc83ce50 code [0x00000251dc83d620, 0x00000251dc8424c0]
Event: 45.506 Thread 0x00000251f22d3800 5285       3       java.lang.invoke.MethodHandles::constant (87 bytes)
Event: 45.509 Thread 0x00000251f22d3800 nmethod 5285 0x00000251dc845750 code [0x00000251dc845a00, 0x00000251dc846c10]
Event: 45.515 Thread 0x00000251f22d3800 5286       3       java.lang.Character::isBmpCodePoint (13 bytes)
Event: 45.515 Thread 0x00000251f22d3800 nmethod 5286 0x00000251dc8473d0 code [0x00000251dc847520, 0x00000251dc8476b8]
Event: 45.515 Thread 0x00000251f22d3800 5287       3       java.util.regex.Pattern$Ctype::<init> (11 bytes)
Event: 45.516 Thread 0x00000251f22d3800 nmethod 5287 0x00000251dc847750 code [0x00000251dc8478e0, 0x00000251dc847c98]
Event: 45.516 Thread 0x00000251f22d3800 5288       3       java.util.regex.Pattern$Curly::study (153 bytes)
Event: 45.516 Thread 0x00000251f22d3800 nmethod 5288 0x00000251dc847ed0 code [0x00000251dc848060, 0x00000251dc848620]

GC Heap History (10 events):
Event: 4.665 GC heap before
{Heap before GC invocations=9 (full 1):
 PSYoungGen      total 139264K, used 58350K [0x00000000d5f80000, 0x00000000dfc00000, 0x0000000100000000)
  eden space 130560K, 38% used [0x00000000d5f80000,0x00000000d9000f60,0x00000000ddf00000)
  from space 8704K, 99% used [0x00000000ddf00000,0x00000000de77aba0,0x00000000de780000)
  to   space 9728K, 0% used [0x00000000df280000,0x00000000df280000,0x00000000dfc00000)
 ParOldGen       total 60416K, used 7390K [0x0000000081e00000, 0x0000000085900000, 0x00000000d5f80000)
  object space 60416K, 12% used [0x0000000081e00000,0x00000000825379a8,0x0000000085900000)
 Metaspace       used 33381K, capacity 35364K, committed 35416K, reserved 1079296K
  class space    used 4350K, capacity 4726K, committed 4736K, reserved 1048576K
Event: 4.678 GC heap after
Heap after GC invocations=9 (full 1):
 PSYoungGen      total 140288K, used 9361K [0x00000000d5f80000, 0x00000000dfc00000, 0x0000000100000000)
  eden space 130560K, 0% used [0x00000000d5f80000,0x00000000d5f80000,0x00000000ddf00000)
  from space 9728K, 96% used [0x00000000df280000,0x00000000dfba47b0,0x00000000dfc00000)
  to   space 8704K, 0% used [0x00000000ddf00000,0x00000000ddf00000,0x00000000de780000)
 ParOldGen       total 60416K, used 7398K [0x0000000081e00000, 0x0000000085900000, 0x00000000d5f80000)
  object space 60416K, 12% used [0x0000000081e00000,0x00000000825399a8,0x0000000085900000)
 Metaspace       used 33381K, capacity 35364K, committed 35416K, reserved 1079296K
  class space    used 4350K, capacity 4726K, committed 4736K, reserved 1048576K
}
Event: 4.678 GC heap before
{Heap before GC invocations=10 (full 2):
 PSYoungGen      total 140288K, used 9361K [0x00000000d5f80000, 0x00000000dfc00000, 0x0000000100000000)
  eden space 130560K, 0% used [0x00000000d5f80000,0x00000000d5f80000,0x00000000ddf00000)
  from space 9728K, 96% used [0x00000000df280000,0x00000000dfba47b0,0x00000000dfc00000)
  to   space 8704K, 0% used [0x00000000ddf00000,0x00000000ddf00000,0x00000000de780000)
 ParOldGen       total 60416K, used 7398K [0x0000000081e00000, 0x0000000085900000, 0x00000000d5f80000)
  object space 60416K, 12% used [0x0000000081e00000,0x00000000825399a8,0x0000000085900000)
 Metaspace       used 33381K, capacity 35364K, committed 35416K, reserved 1079296K
  class space    used 4350K, capacity 4726K, committed 4736K, reserved 1048576K
Event: 4.766 GC heap after
Heap after GC invocations=10 (full 2):
 PSYoungGen      total 140288K, used 0K [0x00000000d5f80000, 0x00000000dfc00000, 0x0000000100000000)
  eden space 130560K, 0% used [0x00000000d5f80000,0x00000000d5f80000,0x00000000ddf00000)
  from space 9728K, 0% used [0x00000000df280000,0x00000000df280000,0x00000000dfc00000)
  to   space 8704K, 0% used [0x00000000ddf00000,0x00000000ddf00000,0x00000000de780000)
 ParOldGen       total 98304K, used 13975K [0x0000000081e00000, 0x0000000087e00000, 0x00000000d5f80000)
  object space 98304K, 14% used [0x0000000081e00000,0x0000000082ba5c28,0x0000000087e00000)
 Metaspace       used 33381K, capacity 35364K, committed 35416K, reserved 1079296K
  class space    used 4350K, capacity 4726K, committed 4736K, reserved 1048576K
}
Event: 25.879 GC heap before
{Heap before GC invocations=11 (full 2):
 PSYoungGen      total 140288K, used 130560K [0x00000000d5f80000, 0x00000000dfc00000, 0x0000000100000000)
  eden space 130560K, 100% used [0x00000000d5f80000,0x00000000ddf00000,0x00000000ddf00000)
  from space 9728K, 0% used [0x00000000df280000,0x00000000df280000,0x00000000dfc00000)
  to   space 8704K, 0% used [0x00000000ddf00000,0x00000000ddf00000,0x00000000de780000)
 ParOldGen       total 98304K, used 13975K [0x0000000081e00000, 0x0000000087e00000, 0x00000000d5f80000)
  object space 98304K, 14% used [0x0000000081e00000,0x0000000082ba5c28,0x0000000087e00000)
 Metaspace       used 48974K, capacity 51184K, committed 51544K, reserved 1093632K
  class space    used 6554K, capacity 6976K, committed 7040K, reserved 1048576K
Event: 25.892 GC heap after
Heap after GC invocations=11 (full 2):
 PSYoungGen      total 139264K, used 8702K [0x00000000d5f80000, 0x00000000e1380000, 0x0000000100000000)
  eden space 130560K, 0% used [0x00000000d5f80000,0x00000000d5f80000,0x00000000ddf00000)
  from space 8704K, 99% used [0x00000000ddf00000,0x00000000de77f948,0x00000000de780000)
  to   space 14336K, 0% used [0x00000000e0580000,0x00000000e0580000,0x00000000e1380000)
 ParOldGen       total 98304K, used 21538K [0x0000000081e00000, 0x0000000087e00000, 0x00000000d5f80000)
  object space 98304K, 21% used [0x0000000081e00000,0x0000000083308bb8,0x0000000087e00000)
 Metaspace       used 48974K, capacity 51184K, committed 51544K, reserved 1093632K
  class space    used 6554K, capacity 6976K, committed 7040K, reserved 1048576K
}
Event: 44.984 GC heap before
{Heap before GC invocations=12 (full 2):
 PSYoungGen      total 139264K, used 101261K [0x00000000d5f80000, 0x00000000e1380000, 0x0000000100000000)
  eden space 130560K, 70% used [0x00000000d5f80000,0x00000000db9e3d40,0x00000000ddf00000)
  from space 8704K, 99% used [0x00000000ddf00000,0x00000000de77f948,0x00000000de780000)
  to   space 14336K, 0% used [0x00000000e0580000,0x00000000e0580000,0x00000000e1380000)
 ParOldGen       total 98304K, used 21538K [0x0000000081e00000, 0x0000000087e00000, 0x00000000d5f80000)
  object space 98304K, 21% used [0x0000000081e00000,0x0000000083308bb8,0x0000000087e00000)
 Metaspace       used 56326K, capacity 58997K, committed 59028K, reserved 1099776K
  class space    used 7687K, capacity 8161K, committed 8192K, reserved 1048576K
Event: 45.002 GC heap after
Heap after GC invocations=12 (full 2):
 PSYoungGen      total 165376K, used 13321K [0x00000000d5f80000, 0x00000000e1300000, 0x0000000100000000)
  eden space 151552K, 0% used [0x00000000d5f80000,0x00000000d5f80000,0x00000000df380000)
  from space 13824K, 96% used [0x00000000e0580000,0x00000000e12824a8,0x00000000e1300000)
  to   space 15872K, 0% used [0x00000000df400000,0x00000000df400000,0x00000000e0380000)
 ParOldGen       total 98304K, used 21546K [0x0000000081e00000, 0x0000000087e00000, 0x00000000d5f80000)
  object space 98304K, 21% used [0x0000000081e00000,0x000000008330abb8,0x0000000087e00000)
 Metaspace       used 56326K, capacity 58997K, committed 59028K, reserved 1099776K
  class space    used 7687K, capacity 8161K, committed 8192K, reserved 1048576K
}
Event: 45.002 GC heap before
{Heap before GC invocations=13 (full 3):
 PSYoungGen      total 165376K, used 13321K [0x00000000d5f80000, 0x00000000e1300000, 0x0000000100000000)
  eden space 151552K, 0% used [0x00000000d5f80000,0x00000000d5f80000,0x00000000df380000)
  from space 13824K, 96% used [0x00000000e0580000,0x00000000e12824a8,0x00000000e1300000)
  to   space 15872K, 0% used [0x00000000df400000,0x00000000df400000,0x00000000e0380000)
 ParOldGen       total 98304K, used 21546K [0x0000000081e00000, 0x0000000087e00000, 0x00000000d5f80000)
  object space 98304K, 21% used [0x0000000081e00000,0x000000008330abb8,0x0000000087e00000)
 Metaspace       used 56326K, capacity 58997K, committed 59028K, reserved 1099776K
  class space    used 7687K, capacity 8161K, committed 8192K, reserved 1048576K
Event: 45.279 GC heap after
Heap after GC invocations=13 (full 3):
 PSYoungGen      total 165376K, used 0K [0x00000000d5f80000, 0x00000000e1300000, 0x0000000100000000)
  eden space 151552K, 0% used [0x00000000d5f80000,0x00000000d5f80000,0x00000000df380000)
  from space 13824K, 0% used [0x00000000e0580000,0x00000000e0580000,0x00000000e1300000)
  to   space 15872K, 0% used [0x00000000df400000,0x00000000df400000,0x00000000e0380000)
 ParOldGen       total 98304K, used 24324K [0x0000000081e00000, 0x0000000087e00000, 0x00000000d5f80000)
  object space 98304K, 24% used [0x0000000081e00000,0x00000000835c1210,0x0000000087e00000)
 Metaspace       used 56326K, capacity 58997K, committed 59028K, reserved 1099776K
  class space    used 7687K, capacity 8161K, committed 8192K, reserved 1048576K
}

Deoptimization events (10 events):
Event: 44.617 Thread 0x00000251da048800 Uncommon trap: reason=class_check action=maybe_recompile pc=0x00000251dc34ecbc method=org.springframework.core.ResolvableType.resolveType()Lorg/springframework/core/ResolvableType; @ 131
Event: 44.792 Thread 0x00000251da048800 Uncommon trap: reason=unstable_if action=reinterpret pc=0x00000251dc2bd810 method=org.springframework.util.ConcurrentReferenceHashMap$Segment.restructureIfNecessary(Z)V @ 41
Event: 44.860 Thread 0x00000251da048800 Uncommon trap: reason=unstable_if action=reinterpret pc=0x00000251dc3a412c method=org.springframework.util.ConcurrentReferenceHashMap$Segment.restructureIfNecessary(Z)V @ 41
Event: 44.870 Thread 0x00000251da048800 Uncommon trap: reason=unstable_if action=reinterpret pc=0x00000251dc3ac9c8 method=org.springframework.util.ConcurrentReferenceHashMap$Segment.restructureIfNecessary(Z)V @ 41
Event: 44.899 Thread 0x00000251da048800 Uncommon trap: reason=unstable_if action=reinterpret pc=0x00000251dbe290c4 method=org.springframework.util.ConcurrentReferenceHashMap$Segment.restructureIfNecessary(Z)V @ 41
Event: 45.279 Thread 0x00000251da048800 Uncommon trap: reason=unstable_if action=reinterpret pc=0x00000251dbab12ec method=java.lang.invoke.MethodType$ConcurrentWeakInternSet$WeakEntry.equals(Ljava/lang/Object;)Z @ 21
Event: 45.443 Thread 0x00000251da048800 Uncommon trap: reason=bimorphic action=maybe_recompile pc=0x00000251dbffcbc0 method=java.util.regex.Matcher.search(I)Z @ 86
Event: 45.452 Thread 0x00000251da048800 Uncommon trap: reason=bimorphic action=maybe_recompile pc=0x00000251dbffcbc0 method=java.util.regex.Matcher.search(I)Z @ 86
Event: 45.453 Thread 0x00000251da048800 Uncommon trap: reason=bimorphic action=maybe_recompile pc=0x00000251dbffcbc0 method=java.util.regex.Matcher.search(I)Z @ 86
Event: 45.455 Thread 0x00000251da048800 Uncommon trap: reason=bimorphic action=maybe_recompile pc=0x00000251dbffcbc0 method=java.util.regex.Matcher.search(I)Z @ 86

Classes redefined (0 events):
No events

Internal exceptions (10 events):
Event: 44.920 Thread 0x00000251da048800 Exception <a 'java/lang/ClassNotFoundException': com/bezkoder/springjwt/models/WriterCustomizer> (0x00000000db69b718) thrown at [C:\jenkins\workspace\8-2-build-windows-amd64-cygwin\jdk8u271\605\hotspot\src\share\vm\classfile\systemDictionary.cpp, line 212
Event: 44.927 Thread 0x00000251da048800 Exception <a 'java/lang/ClassNotFoundException': java/lang/ObjectCustomizer> (0x00000000db6f3920) thrown at [C:\jenkins\workspace\8-2-build-windows-amd64-cygwin\jdk8u271\605\hotspot\src\share\vm\classfile\systemDictionary.cpp, line 212]
Event: 44.929 Thread 0x00000251da048800 Exception <a 'java/lang/ClassNotFoundException': com/bezkoder/springjwt/models/TypeCustomizer> (0x00000000db70d700) thrown at [C:\jenkins\workspace\8-2-build-windows-amd64-cygwin\jdk8u271\605\hotspot\src\share\vm\classfile\systemDictionary.cpp, line 212]
Event: 44.941 Thread 0x00000251da048800 Exception <a 'java/lang/NoSuchMethodError': java.lang.Object.lambda$direct$0(Lorg/springframework/data/repository/core/support/MethodLookup$InvokedMethod;Ljava/lang/reflect/Method;)Z> (0x00000000db77e960) thrown at [C:\jenkins\workspace\8-2-build-windows-
Event: 44.941 Thread 0x00000251da048800 Exception <a 'java/lang/NoSuchMethodError': java.lang.Object.lambda$direct$1(Lorg/springframework/data/repository/core/support/MethodLookup$MethodPredicate;)Ljava/util/List;> (0x00000000db781ef8) thrown at [C:\jenkins\workspace\8-2-build-windows-amd64-cyg
Event: 44.943 Thread 0x00000251da048800 Exception <a 'java/lang/NoSuchMethodError': java.lang.Object.lambda$and$0(Lorg/springframework/data/repository/core/support/MethodLookup;)Ljava/util/List;> (0x00000000db7a0520) thrown at [C:\jenkins\workspace\8-2-build-windows-amd64-cygwin\jdk8u271\605\ho
Event: 44.955 Thread 0x00000251da048800 Exception <a 'java/lang/IncompatibleClassChangeError': Found class java.lang.Object, but interface was expected> (0x00000000db83f5d8) thrown at [C:\jenkins\workspace\8-2-build-windows-amd64-cygwin\jdk8u271\605\hotspot\src\share\vm\interpreter\linkResolver
Event: 45.279 Thread 0x00000251da048800 Implicit null exception at 0x00000251dbaad3f3 to 0x00000251dbab12b1
Event: 45.432 Thread 0x00000251da048800 Exception <a 'java/lang/reflect/InvocationTargetException'> (0x00000000d68e5738) thrown at [C:\jenkins\workspace\8-2-build-windows-amd64-cygwin\jdk8u271\605\hotspot\src\share\vm\runtime\reflection.cpp, line 1092]
Event: 45.468 Thread 0x00000251da048800 Exception <a 'java/lang/IncompatibleClassChangeError': Found class java.lang.Object, but interface was expected> (0x00000000d69fe9e8) thrown at [C:\jenkins\workspace\8-2-build-windows-amd64-cygwin\jdk8u271\605\hotspot\src\share\vm\interpreter\linkResolver

Events (10 events):
Event: 45.532 loading class org/springframework/data/jpa/repository/query/QueryParameterSetterFactory$CriteriaQueryParameterSetterFactory
Event: 45.532 loading class org/springframework/data/jpa/repository/query/QueryParameterSetterFactory$CriteriaQueryParameterSetterFactory done
Event: 45.532 loading class org/springframework/data/jpa/repository/query/QueryParameterSetter
Event: 45.532 loading class org/springframework/data/jpa/repository/query/QueryParameterSetter done
Event: 45.533 loading class org/springframework/data/jpa/repository/query/QueryParameterSetterFactory$ExpressionBasedQueryParameterSetterFactory
Event: 45.533 loading class org/springframework/data/jpa/repository/query/QueryParameterSetterFactory$ExpressionBasedQueryParameterSetterFactory done
Event: 45.533 loading class org/springframework/data/jpa/repository/query/QueryParameterSetterFactory$BasicQueryParameterSetterFactory
Event: 45.533 loading class org/springframework/data/jpa/repository/query/QueryParameterSetterFactory$BasicQueryParameterSetterFactory done
Event: 45.534 loading class org/springframework/data/jpa/repository/query/StringQuery$ParameterBinding
Event: 45.534 loading class org/springframework/data/jpa/repository/query/StringQuery$ParameterBinding done


Dynamic libraries:
0x00007ff609010000 - 0x00007ff609057000 	C:\Program Files\Java\jdk1.8.0_271\bin\java.exe
0x00007ffc209b0000 - 0x00007ffc20ba5000 	C:\Windows\SYSTEM32\ntdll.dll
0x00007ffc1f0c0000 - 0x00007ffc1f17d000 	C:\Windows\System32\KERNEL32.DLL
0x00007ffc1e500000 - 0x00007ffc1e7c8000 	C:\Windows\System32\KERNELBASE.dll
0x00007ffc1ef50000 - 0x00007ffc1effc000 	C:\Windows\System32\ADVAPI32.dll
0x00007ffc1f1c0000 - 0x00007ffc1f25e000 	C:\Windows\System32\msvcrt.dll
0x00007ffc1f020000 - 0x00007ffc1f0bb000 	C:\Windows\System32\sechost.dll
0x00007ffc20760000 - 0x00007ffc2088b000 	C:\Windows\System32\RPCRT4.dll
0x00007ffc204d0000 - 0x00007ffc20670000 	C:\Windows\System32\USER32.dll
0x00007ffc1e900000 - 0x00007ffc1e922000 	C:\Windows\System32\win32u.dll
0x00007ffc20670000 - 0x00007ffc2069a000 	C:\Windows\System32\GDI32.dll
0x00007ffc1e3f0000 - 0x00007ffc1e4fb000 	C:\Windows\System32\gdi32full.dll
0x00007ffc1e0f0000 - 0x00007ffc1e18d000 	C:\Windows\System32\msvcp_win.dll
0x00007ffc1e190000 - 0x00007ffc1e290000 	C:\Windows\System32\ucrtbase.dll
0x00007ffc0e390000 - 0x00007ffc0e62a000 	C:\Windows\WinSxS\amd64_microsoft.windows.common-controls_6595b64144ccf1df_6.0.19041.844_none_ca00b6081b84eb1d\COMCTL32.dll
0x00007ffc1f180000 - 0x00007ffc1f1b0000 	C:\Windows\System32\IMM32.DLL
0x00007ffc19140000 - 0x00007ffc19155000 	C:\Program Files\Java\jdk1.8.0_271\jre\bin\vcruntime140.dll
0x00007ffc16f50000 - 0x00007ffc16feb000 	C:\Program Files\Java\jdk1.8.0_271\jre\bin\msvcp140.dll
0x0000000055890000 - 0x00000000560ff000 	C:\Program Files\Java\jdk1.8.0_271\jre\bin\server\jvm.dll
0x00007ffc206a0000 - 0x00007ffc206a8000 	C:\Windows\System32\PSAPI.DLL
0x00007ffc14d10000 - 0x00007ffc14d37000 	C:\Windows\SYSTEM32\WINMM.dll
0x00007ffc183f0000 - 0x00007ffc183fa000 	C:\Windows\SYSTEM32\VERSION.dll
0x00007ffc075d0000 - 0x00007ffc075d9000 	C:\Windows\SYSTEM32\WSOCK32.dll
0x00007ffc1f7f0000 - 0x00007ffc1f85b000 	C:\Windows\System32\WS2_32.dll
0x00007ffc1c040000 - 0x00007ffc1c052000 	C:\Windows\SYSTEM32\kernel.appcore.dll
0x00007ffc19bc0000 - 0x00007ffc19bd0000 	C:\Program Files\Java\jdk1.8.0_271\jre\bin\verify.dll
0x00007ffc18af0000 - 0x00007ffc18b1b000 	C:\Program Files\Java\jdk1.8.0_271\jre\bin\java.dll
0x00007ffc11e40000 - 0x00007ffc11e70000 	C:\Program Files\Java\jdk1.8.0_271\jre\bin\instrument.dll
0x00007ffc18960000 - 0x00007ffc18978000 	C:\Program Files\Java\jdk1.8.0_271\jre\bin\zip.dll
0x00007ffc1fc50000 - 0x00007ffc20392000 	C:\Windows\System32\SHELL32.dll
0x00007ffc1c240000 - 0x00007ffc1c9d0000 	C:\Windows\SYSTEM32\windows.storage.dll
0x00007ffc1ebf0000 - 0x00007ffc1ef45000 	C:\Windows\System32\combase.dll
0x00007ffc1db60000 - 0x00007ffc1db8c000 	C:\Windows\SYSTEM32\Wldp.dll
0x00007ffc206b0000 - 0x00007ffc2075e000 	C:\Windows\System32\SHCORE.dll
0x00007ffc20400000 - 0x00007ffc20455000 	C:\Windows\System32\shlwapi.dll
0x00007ffc1e030000 - 0x00007ffc1e04f000 	C:\Windows\SYSTEM32\profapi.dll
0x00007ffc172d0000 - 0x00007ffc172ea000 	C:\Program Files\JetBrains\IntelliJ IDEA Community Edition 2020.2.2\bin\breakgen64.dll
0x00007ffc18890000 - 0x00007ffc188ac000 	C:\Program Files\Java\jdk1.8.0_271\jre\bin\net.dll
0x00007ffc1d8d0000 - 0x00007ffc1d93a000 	C:\Windows\system32\mswsock.dll
0x00007ffc19550000 - 0x00007ffc1955d000 	C:\Program Files\Java\jdk1.8.0_271\jre\bin\management.dll
0x00007ffc01380000 - 0x00007ffc01397000 	C:\Windows\system32\napinsp.dll
0x00007ffc01360000 - 0x00007ffc0137b000 	C:\Windows\system32\pnrpnsp.dll
0x00007ffc01340000 - 0x00007ffc01355000 	C:\Windows\system32\wshbth.dll
0x00007ffc19ba0000 - 0x00007ffc19bbd000 	C:\Windows\system32\NLAapi.dll
0x00007ffc1d570000 - 0x00007ffc1d5ab000 	C:\Windows\SYSTEM32\IPHLPAPI.DLL
0x00007ffc1d5c0000 - 0x00007ffc1d68c000 	C:\Windows\SYSTEM32\DNSAPI.dll
0x00007ffc20460000 - 0x00007ffc20468000 	C:\Windows\System32\NSI.dll
0x00007ffc00ec0000 - 0x00007ffc00ed2000 	C:\Windows\System32\winrnr.dll
0x00007ffc16430000 - 0x00007ffc1643a000 	C:\Windows\System32\rasadhlp.dll
0x00007ffc14130000 - 0x00007ffc141af000 	C:\Windows\System32\fwpuclnt.dll
0x00007ffc1e990000 - 0x00007ffc1e9b7000 	C:\Windows\System32\bcrypt.dll
0x00007ffc17240000 - 0x00007ffc17253000 	C:\Program Files\Java\jdk1.8.0_271\jre\bin\nio.dll
0x00007ffc1dab0000 - 0x00007ffc1dac8000 	C:\Windows\SYSTEM32\CRYPTSP.dll
0x00007ffc1d200000 - 0x00007ffc1d234000 	C:\Windows\system32\rsaenh.dll
0x00007ffc1dff0000 - 0x00007ffc1e01e000 	C:\Windows\SYSTEM32\USERENV.dll
0x00007ffc1e880000 - 0x00007ffc1e900000 	C:\Windows\System32\bcryptprimitives.dll
0x00007ffc1daa0000 - 0x00007ffc1daac000 	C:\Windows\SYSTEM32\CRYPTBASE.dll
0x00007ffc16ce0000 - 0x00007ffc16cf7000 	C:\Windows\SYSTEM32\dhcpcsvc6.DLL
0x00007ffc16cc0000 - 0x00007ffc16cdd000 	C:\Windows\SYSTEM32\dhcpcsvc.DLL
0x00007ffc16d80000 - 0x00007ffc16da4000 	C:\Program Files\Java\jdk1.8.0_271\jre\bin\sunec.dll
0x00007ffc0bbc0000 - 0x00007ffc0bda4000 	C:\Windows\SYSTEM32\dbghelp.dll

VM Arguments:
jvm_args: -javaagent:C:\Program Files\JetBrains\IntelliJ IDEA Community Edition 2020.2.2\lib\idea_rt.jar=56752:C:\Program Files\JetBrains\IntelliJ IDEA Community Edition 2020.2.2\bin -Dfile.encoding=UTF-8 
java_command: SpringBootSecurityJwtApplication
java_class_path (initial): C:\Program Files\Java\jdk1.8.0_271\jre\lib\charsets.jar;C:\Program Files\Java\jdk1.8.0_271\jre\lib\deploy.jar;C:\Program Files\Java\jdk1.8.0_271\jre\lib\ext\access-bridge-64.jar;C:\Program Files\Java\jdk1.8.0_271\jre\lib\ext\cldrdata.jar;C:\Program Files\Java\jdk1.8.0_271\jre\lib\ext\dnsns.jar;C:\Program Files\Java\jdk1.8.0_271\jre\lib\ext\jaccess.jar;C:\Program Files\Java\jdk1.8.0_271\jre\lib\ext\jfxrt.jar;C:\Program Files\Java\jdk1.8.0_271\jre\lib\ext\localedata.jar;C:\Program Files\Java\jdk1.8.0_271\jre\lib\ext\nashorn.jar;C:\Program Files\Java\jdk1.8.0_271\jre\lib\ext\sunec.jar;C:\Program Files\Java\jdk1.8.0_271\jre\lib\ext\sunjce_provider.jar;C:\Program Files\Java\jdk1.8.0_271\jre\lib\ext\sunmscapi.jar;C:\Program Files\Java\jdk1.8.0_271\jre\lib\ext\sunpkcs11.jar;C:\Program Files\Java\jdk1.8.0_271\jre\lib\ext\zipfs.jar;C:\Program Files\Java\jdk1.8.0_271\jre\lib\javaws.jar;C:\Program Files\Java\jdk1.8.0_271\jre\lib\jce.jar;C:\Program Files\Java\jdk1.8.0_271\jre\lib\jfr.jar;C:\Program Files\Java\jdk1.8.0_271\jre\lib\jfxswt.jar;C:\Program Files\Java\jdk1.8.0_271\jre\lib\jsse.jar;C:\Program Files\Java\jdk1.8.0_271\jre\lib\management-agent.jar;C:\Program Files\Java\jdk1.8.0_271\jre\lib\plugin.jar;C:\Program Files\Java\jdk1.8.0_271\jre\lib\resources.jar;C:\Program Files\Java\jdk1.8.0_271\jre\lib\rt.jar;C:\Users\krsti\Desktop\PIB\spring-boot-server\target\classes;C:\Users\krsti\.m2\repository\org\springframework\boot\spring-boot-starter-data-jpa\2.4.4\spring-boot-starter-data-jpa-2.4.4.jar;C:\Users\krsti\.m2\repository\org\springframework\boot\spring-boot-starter-aop\2.4.4\spring-boot-starter-aop-2.4.4.jar;C:\Users\krsti\.m2\repository\org\aspectj\aspectjweaver\1.9.6\aspectjweaver-1.9.6.jar;C:\Users\krsti\.m2\repository\org\springframework\boot\spring-boot-starter-jdbc\2.4.4\spring-boot-starter-jdbc-2.4.4.jar;C:\Users\krsti\.m2\repository\com\zaxxer\HikariCP\3.4.5\HikariCP-3.4.5.jar;C:\Users\krsti\.m2\repository\org\springframework\spring-j
Launcher Type: SUN_STANDARD

Environment Variables:
JAVA_HOME=C:\Program Files\Java\jdk1.8.0_271\bin
PATH=C:\Users\krsti\Desktop\asdasd\bin;C:\Program Files\Python38\Scripts\;C:\Program Files\Python38\;C:\Program Files (x86)\Common Files\Oracle\Java\javapath;C:\Windows\system32;C:\Windows;C:\Windows\System32\Wbem;C:\Windows\System32\WindowsPowerShell\v1.0\;C:\Windows\System32\OpenSSH\;C:\Program Files\Microsoft SQL Server\130\Tools\Binn\;C:\Program Files\Git\cmd;C:\Program Files (x86)\GitExtensions\;C:\Program Files\dotnet\;C:\Program Files\Java\jdk1.8.0_271\bin;C:\Program Files\nodejs\;D:\matlab\bin;C:\Users\krsti\AppData\Local\Microsoft\WindowsApps;C:\Users\krsti\AppData\Local\Programs\Microsoft VS Code\bin;C:\Users\krsti\.dotnet\tools;C:\Users\krsti\.dotnet\tools;C:\Users\krsti\AppData\Roaming\npm
USERNAME=Ivan
OS=Windows_NT
PROCESSOR_IDENTIFIER=Intel64 Family 6 Model 142 Stepping 10, GenuineIntel



---------------  S Y S T E M  ---------------

OS: Windows 10.0 , 64 bit Build 19041 (10.0.19041.928)

CPU:total 8 (initial active 8) (4 cores per cpu, 2 threads per core) family 6 model 142 stepping 10, cmov, cx8, fxsr, mmx, sse, sse2, sse3, ssse3, sse4.1, sse4.2, popcnt, avx, avx2, aes, clmul, erms, 3dnowpref, lzcnt, ht, tsc, tscinvbit, bmi1, bmi2, adx

Memory: 4k page, physical 8261220k(440388k free), swap 21285048k(3640k free)

vm_info: Java HotSpot(TM) 64-Bit Server VM (25.271-b09) for windows-amd64 JRE (1.8.0_271-b09), built on Sep 16 2020 19:14:59 by "" with MS VC++ 15.9 (VS2017)

time: Wed May 19 13:38:37 2021
timezone: Central Europe Daylight Time
elapsed time: 45.581478 seconds (0d 0h 0m 45s)

